build/app/intermediates/manifest_merge_blame_file/betOnlineArticlesDebug/manifest-merger-blame-betOnlineArticles-debug-report.txt
1<?xml version="1.0" encoding="utf-8"?>
2<manifest xmlns:android="http://schemas.android.com/apk/res/android"
3    package="com.betOnline.articles"
4    android:versionCode="1"
5    android:versionName="1.0.0Articles" >
6
7    <uses-sdk
8        android:minSdkVersion="21"
9        android:targetSdkVersion="35" />
10    <!--
11         The INTERNET permission is required for development. Specifically,
12         the Flutter tool needs it to communicate with the running application
13         to allow setting breakpoints, to provide hot reload, etc.
14    -->
15    <uses-permission android:name="android.permission.INTERNET" />
15-->src/main/AndroidManifest.xml:2:5-66
15-->src/main/AndroidManifest.xml:2:22-64
16    <uses-permission android:name="android.permission.POST_NOTIFICATIONS" />
16-->src/main/AndroidManifest.xml:3:5-76
16-->src/main/AndroidManifest.xml:3:22-74
17    <uses-permission android:name="android.permission.USE_EXACT_ALARM" />
17-->src/main/AndroidManifest.xml:4:5-74
17-->src/main/AndroidManifest.xml:4:22-71
18    <uses-permission android:name="com.google.android.gms.permission.AD_ID" />
18-->src/main/AndroidManifest.xml:5:5-79
18-->src/main/AndroidManifest.xml:5:22-76
19    <!--
20 Required to query activities that can process text, see:
21         https://developer.android.com/training/package-visibility?hl=en and
22         https://developer.android.com/reference/android/content/Intent#ACTION_PROCESS_TEXT.
23
24         In particular, this is used by the Flutter engine in io.flutter.plugin.text.ProcessTextPlugin.
25    -->
26    <queries>
26-->src/main/AndroidManifest.xml:44:5-49:15
27        <intent>
27-->src/main/AndroidManifest.xml:45:9-48:18
28            <action android:name="android.intent.action.PROCESS_TEXT" />
28-->src/main/AndroidManifest.xml:46:13-72
28-->src/main/AndroidManifest.xml:46:21-70
29
30            <data android:mimeType="text/plain" />
30-->src/main/AndroidManifest.xml:47:13-50
30-->src/main/AndroidManifest.xml:47:19-48
31        </intent>
32        <intent>
32-->[com.appsflyer:af-android-sdk:6.15.2] AndroidManifest.xml:11:9-13:18
33            <action android:name="com.appsflyer.referrer.INSTALL_PROVIDER" />
33-->[com.appsflyer:af-android-sdk:6.15.2] AndroidManifest.xml:12:13-78
33-->[com.appsflyer:af-android-sdk:6.15.2] AndroidManifest.xml:12:21-75
34        </intent>
35
36        <package android:name="com.facebook.katana" />
36-->[com.appsflyer:af-android-sdk:6.15.2] AndroidManifest.xml:16:9-55
36-->[com.appsflyer:af-android-sdk:6.15.2] AndroidManifest.xml:16:18-52
37        <package android:name="com.instagram.android" />
37-->[com.appsflyer:af-android-sdk:6.15.2] AndroidManifest.xml:19:9-57
37-->[com.appsflyer:af-android-sdk:6.15.2] AndroidManifest.xml:19:18-54
38        <package android:name="com.facebook.lite" />
38-->[com.appsflyer:af-android-sdk:6.15.2] AndroidManifest.xml:22:9-53
38-->[com.appsflyer:af-android-sdk:6.15.2] AndroidManifest.xml:22:18-50
39        <package android:name="com.samsung.android.mapsagent" />
39-->[com.appsflyer:af-android-sdk:6.15.2] AndroidManifest.xml:34:9-65
39-->[com.appsflyer:af-android-sdk:6.15.2] AndroidManifest.xml:34:18-62
40    </queries>
41
42    <uses-permission android:name="android.permission.ACCESS_NETWORK_STATE" />
42-->[:appsflyer_sdk] AndroidManifest.xml:8:5-79
42-->[:appsflyer_sdk] AndroidManifest.xml:8:22-76
43    <uses-permission android:name="android.permission.WAKE_LOCK" />
43-->[:firebase_messaging] AndroidManifest.xml:8:5-68
43-->[:firebase_messaging] AndroidManifest.xml:8:22-65
44    <uses-permission android:name="android.permission.VIBRATE" />
44-->[:flutter_local_notifications] AndroidManifest.xml:7:5-66
44-->[:flutter_local_notifications] AndroidManifest.xml:7:22-63
45    <uses-permission android:name="android.permission.ACCESS_ADSERVICES_ATTRIBUTION" /> <!-- Samsung Preload referrer collection -->
45-->[com.appsflyer:af-android-sdk:6.15.2] AndroidManifest.xml:25:5-88
45-->[com.appsflyer:af-android-sdk:6.15.2] AndroidManifest.xml:25:22-85
46    <uses-permission android:name="com.samsung.android.mapsagent.permission.READ_APP_INFO" /> <!-- Needed to interact with Huawei AppGallery ContentProvider -->
46-->[com.appsflyer:af-android-sdk:6.15.2] AndroidManifest.xml:31:5-94
46-->[com.appsflyer:af-android-sdk:6.15.2] AndroidManifest.xml:31:22-91
47    <uses-permission android:name="com.huawei.appmarket.service.commondata.permission.GET_COMMON_DATA" /> <!-- Required by older versions of Google Play services to create IID tokens -->
47-->[com.appsflyer:af-android-sdk:6.15.2] AndroidManifest.xml:38:5-106
47-->[com.appsflyer:af-android-sdk:6.15.2] AndroidManifest.xml:38:22-103
48    <uses-permission android:name="com.google.android.c2dm.permission.RECEIVE" />
48-->[com.google.firebase:firebase-messaging:23.4.1] AndroidManifest.xml:26:5-82
48-->[com.google.firebase:firebase-messaging:23.4.1] AndroidManifest.xml:26:22-79
49    <uses-permission android:name="android.permission.ACCESS_ADSERVICES_AD_ID" />
49-->[com.google.android.gms:play-services-measurement-api:21.6.1] AndroidManifest.xml:27:5-82
49-->[com.google.android.gms:play-services-measurement-api:21.6.1] AndroidManifest.xml:27:22-79
50    <uses-permission android:name="com.google.android.finsky.permission.BIND_GET_INSTALL_REFERRER_SERVICE" />
50-->[com.google.android.gms:play-services-measurement:21.6.1] AndroidManifest.xml:26:5-110
50-->[com.google.android.gms:play-services-measurement:21.6.1] AndroidManifest.xml:26:22-107
51
52    <permission
52-->[androidx.core:core:1.13.1] AndroidManifest.xml:22:5-24:47
53        android:name="com.betOnline.articles.DYNAMIC_RECEIVER_NOT_EXPORTED_PERMISSION"
53-->[androidx.core:core:1.13.1] AndroidManifest.xml:23:9-81
54        android:protectionLevel="signature" />
54-->[androidx.core:core:1.13.1] AndroidManifest.xml:24:9-44
55
56    <uses-permission android:name="com.betOnline.articles.DYNAMIC_RECEIVER_NOT_EXPORTED_PERMISSION" />
56-->[androidx.core:core:1.13.1] AndroidManifest.xml:26:5-97
56-->[androidx.core:core:1.13.1] AndroidManifest.xml:26:22-94
57
58    <application
59        android:name="android.app.Application"
60        android:allowBackup="true"
60-->[com.appsflyer:af-android-sdk:6.15.2] AndroidManifest.xml:41:9-35
61        android:appComponentFactory="androidx.core.app.CoreComponentFactory"
61-->[androidx.core:core:1.13.1] AndroidManifest.xml:28:18-86
62        android:dataExtractionRules="@xml/appsflyer_data_extraction_rules"
62-->[com.appsflyer:af-android-sdk:6.15.2] AndroidManifest.xml:42:9-75
63        android:debuggable="true"
64        android:extractNativeLibs="true"
65        android:fullBackupContent="@xml/appsflyer_backup_rules"
65-->[com.appsflyer:af-android-sdk:6.15.2] AndroidManifest.xml:43:9-64
66        android:icon="@mipmap/ic_launcher"
67        android:label="@string/app_name" >
68        <activity
69            android:name="com.betOnline.odds.MainActivity"
70            android:configChanges="orientation|keyboardHidden|keyboard|screenSize|smallestScreenSize|locale|layoutDirection|fontScale|screenLayout|density|uiMode"
71            android:enableOnBackInvokedCallback="true"
72            android:exported="true"
73            android:hardwareAccelerated="true"
74            android:launchMode="singleTop"
75            android:theme="@style/LaunchTheme"
76            android:usesCleartextTraffic="true"
77            android:windowSoftInputMode="adjustResize" >
78
79            <!--
80                 Specifies an Android theme to apply to this Activity as soon as
81                 the Android process has started. This theme is visible to the user
82                 while the Flutter UI initializes. After that, this theme continues
83                 to determine the Window background behind the Flutter UI.
84            -->
85            <meta-data
86                android:name="io.flutter.embedding.android.NormalTheme"
87                android:resource="@style/NormalTheme" />
88
89            <intent-filter>
90                <action android:name="android.intent.action.MAIN" />
91
92                <category android:name="android.intent.category.LAUNCHER" />
93            </intent-filter>
94        </activity>
95        <!--
96             Don't delete the meta-data below.
97             This is used by the Flutter tool to generate GeneratedPluginRegistrant.java
98        -->
99        <meta-data
100            android:name="flutterEmbedding"
101            android:value="2" />
102
103        <service
103-->[:firebase_crashlytics] AndroidManifest.xml:8:9-12:19
104            android:name="com.google.firebase.components.ComponentDiscoveryService"
104-->[:firebase_crashlytics] AndroidManifest.xml:8:18-89
105            android:directBootAware="true"
105-->[com.google.firebase:firebase-common:20.4.3] AndroidManifest.xml:32:13-43
106            android:exported="false" >
106-->[com.google.firebase:firebase-crashlytics:18.6.3] AndroidManifest.xml:14:13-37
107            <meta-data
107-->[:firebase_crashlytics] AndroidManifest.xml:9:13-11:85
108                android:name="com.google.firebase.components:io.flutter.plugins.firebase.crashlytics.FlutterFirebaseAppRegistrar"
108-->[:firebase_crashlytics] AndroidManifest.xml:10:17-130
109                android:value="com.google.firebase.components.ComponentRegistrar" />
109-->[:firebase_crashlytics] AndroidManifest.xml:11:17-82
110            <meta-data
110-->[:firebase_messaging] AndroidManifest.xml:36:13-38:85
111                android:name="com.google.firebase.components:io.flutter.plugins.firebase.messaging.FlutterFirebaseAppRegistrar"
111-->[:firebase_messaging] AndroidManifest.xml:37:17-128
112                android:value="com.google.firebase.components.ComponentRegistrar" />
112-->[:firebase_messaging] AndroidManifest.xml:38:17-82
113            <meta-data
113-->[:firebase_remote_config] AndroidManifest.xml:9:13-11:85
114                android:name="com.google.firebase.components:io.flutter.plugins.firebase.firebaseremoteconfig.FlutterFirebaseAppRegistrar"
114-->[:firebase_remote_config] AndroidManifest.xml:10:17-139
115                android:value="com.google.firebase.components.ComponentRegistrar" />
115-->[:firebase_remote_config] AndroidManifest.xml:11:17-82
116            <meta-data
116-->[:firebase_core] AndroidManifest.xml:9:13-11:85
117                android:name="com.google.firebase.components:io.flutter.plugins.firebase.core.FlutterFirebaseCoreRegistrar"
117-->[:firebase_core] AndroidManifest.xml:10:17-124
118                android:value="com.google.firebase.components.ComponentRegistrar" />
118-->[:firebase_core] AndroidManifest.xml:11:17-82
119            <meta-data
119-->[com.google.firebase:firebase-crashlytics:18.6.3] AndroidManifest.xml:15:13-17:85
120                android:name="com.google.firebase.components:com.google.firebase.crashlytics.FirebaseCrashlyticsKtxRegistrar"
120-->[com.google.firebase:firebase-crashlytics:18.6.3] AndroidManifest.xml:16:17-126
121                android:value="com.google.firebase.components.ComponentRegistrar" />
121-->[com.google.firebase:firebase-crashlytics:18.6.3] AndroidManifest.xml:17:17-82
122            <meta-data
122-->[com.google.firebase:firebase-crashlytics:18.6.3] AndroidManifest.xml:18:13-20:85
123                android:name="com.google.firebase.components:com.google.firebase.crashlytics.CrashlyticsRegistrar"
123-->[com.google.firebase:firebase-crashlytics:18.6.3] AndroidManifest.xml:19:17-115
124                android:value="com.google.firebase.components.ComponentRegistrar" />
124-->[com.google.firebase:firebase-crashlytics:18.6.3] AndroidManifest.xml:20:17-82
125            <meta-data
125-->[com.google.firebase:firebase-config:21.6.3] AndroidManifest.xml:29:13-31:85
126                android:name="com.google.firebase.components:com.google.firebase.remoteconfig.FirebaseRemoteConfigKtxRegistrar"
126-->[com.google.firebase:firebase-config:21.6.3] AndroidManifest.xml:30:17-128
127                android:value="com.google.firebase.components.ComponentRegistrar" />
127-->[com.google.firebase:firebase-config:21.6.3] AndroidManifest.xml:31:17-82
128            <meta-data
128-->[com.google.firebase:firebase-config:21.6.3] AndroidManifest.xml:32:13-34:85
129                android:name="com.google.firebase.components:com.google.firebase.remoteconfig.RemoteConfigRegistrar"
129-->[com.google.firebase:firebase-config:21.6.3] AndroidManifest.xml:33:17-117
130                android:value="com.google.firebase.components.ComponentRegistrar" />
130-->[com.google.firebase:firebase-config:21.6.3] AndroidManifest.xml:34:17-82
131            <meta-data
131-->[com.google.firebase:firebase-messaging:23.4.1] AndroidManifest.xml:57:13-59:85
132                android:name="com.google.firebase.components:com.google.firebase.messaging.FirebaseMessagingKtxRegistrar"
132-->[com.google.firebase:firebase-messaging:23.4.1] AndroidManifest.xml:58:17-122
133                android:value="com.google.firebase.components.ComponentRegistrar" />
133-->[com.google.firebase:firebase-messaging:23.4.1] AndroidManifest.xml:59:17-82
134            <meta-data
134-->[com.google.firebase:firebase-messaging:23.4.1] AndroidManifest.xml:60:13-62:85
135                android:name="com.google.firebase.components:com.google.firebase.messaging.FirebaseMessagingRegistrar"
135-->[com.google.firebase:firebase-messaging:23.4.1] AndroidManifest.xml:61:17-119
136                android:value="com.google.firebase.components.ComponentRegistrar" />
136-->[com.google.firebase:firebase-messaging:23.4.1] AndroidManifest.xml:62:17-82
137            <meta-data
137-->[com.google.firebase:firebase-iid:21.1.0] AndroidManifest.xml:32:13-34:85
138                android:name="com.google.firebase.components:com.google.firebase.iid.Registrar"
138-->[com.google.firebase:firebase-iid:21.1.0] AndroidManifest.xml:33:17-96
139                android:value="com.google.firebase.components.ComponentRegistrar" />
139-->[com.google.firebase:firebase-iid:21.1.0] AndroidManifest.xml:34:17-82
140            <meta-data
140-->[com.google.android.gms:play-services-measurement-api:21.6.1] AndroidManifest.xml:37:13-39:85
141                android:name="com.google.firebase.components:com.google.firebase.analytics.connector.internal.AnalyticsConnectorRegistrar"
141-->[com.google.android.gms:play-services-measurement-api:21.6.1] AndroidManifest.xml:38:17-139
142                android:value="com.google.firebase.components.ComponentRegistrar" />
142-->[com.google.android.gms:play-services-measurement-api:21.6.1] AndroidManifest.xml:39:17-82
143            <meta-data
143-->[com.google.firebase:firebase-sessions:1.2.3] AndroidManifest.xml:29:13-31:85
144                android:name="com.google.firebase.components:com.google.firebase.sessions.FirebaseSessionsRegistrar"
144-->[com.google.firebase:firebase-sessions:1.2.3] AndroidManifest.xml:30:17-117
145                android:value="com.google.firebase.components.ComponentRegistrar" />
145-->[com.google.firebase:firebase-sessions:1.2.3] AndroidManifest.xml:31:17-82
146            <meta-data
146-->[com.google.firebase:firebase-installations:17.2.0] AndroidManifest.xml:15:13-17:85
147                android:name="com.google.firebase.components:com.google.firebase.installations.FirebaseInstallationsKtxRegistrar"
147-->[com.google.firebase:firebase-installations:17.2.0] AndroidManifest.xml:16:17-130
148                android:value="com.google.firebase.components.ComponentRegistrar" />
148-->[com.google.firebase:firebase-installations:17.2.0] AndroidManifest.xml:17:17-82
149            <meta-data
149-->[com.google.firebase:firebase-installations:17.2.0] AndroidManifest.xml:18:13-20:85
150                android:name="com.google.firebase.components:com.google.firebase.installations.FirebaseInstallationsRegistrar"
150-->[com.google.firebase:firebase-installations:17.2.0] AndroidManifest.xml:19:17-127
151                android:value="com.google.firebase.components.ComponentRegistrar" />
151-->[com.google.firebase:firebase-installations:17.2.0] AndroidManifest.xml:20:17-82
152            <meta-data
152-->[com.google.firebase:firebase-common-ktx:20.4.3] AndroidManifest.xml:12:13-14:85
153                android:name="com.google.firebase.components:com.google.firebase.ktx.FirebaseCommonLegacyRegistrar"
153-->[com.google.firebase:firebase-common-ktx:20.4.3] AndroidManifest.xml:13:17-116
154                android:value="com.google.firebase.components.ComponentRegistrar" />
154-->[com.google.firebase:firebase-common-ktx:20.4.3] AndroidManifest.xml:14:17-82
155            <meta-data
155-->[com.google.firebase:firebase-common:20.4.3] AndroidManifest.xml:35:13-37:85
156                android:name="com.google.firebase.components:com.google.firebase.FirebaseCommonKtxRegistrar"
156-->[com.google.firebase:firebase-common:20.4.3] AndroidManifest.xml:36:17-109
157                android:value="com.google.firebase.components.ComponentRegistrar" />
157-->[com.google.firebase:firebase-common:20.4.3] AndroidManifest.xml:37:17-82
158            <meta-data
158-->[com.google.firebase:firebase-abt:21.1.1] AndroidManifest.xml:12:13-14:85
159                android:name="com.google.firebase.components:com.google.firebase.abt.component.AbtRegistrar"
159-->[com.google.firebase:firebase-abt:21.1.1] AndroidManifest.xml:13:17-109
160                android:value="com.google.firebase.components.ComponentRegistrar" />
160-->[com.google.firebase:firebase-abt:21.1.1] AndroidManifest.xml:14:17-82
161            <meta-data
161-->[com.google.firebase:firebase-datatransport:18.1.8] AndroidManifest.xml:27:13-29:85
162                android:name="com.google.firebase.components:com.google.firebase.datatransport.TransportRegistrar"
162-->[com.google.firebase:firebase-datatransport:18.1.8] AndroidManifest.xml:28:17-115
163                android:value="com.google.firebase.components.ComponentRegistrar" />
163-->[com.google.firebase:firebase-datatransport:18.1.8] AndroidManifest.xml:29:17-82
164        </service>
165        <service
165-->[:firebase_messaging] AndroidManifest.xml:14:9-17:72
166            android:name="io.flutter.plugins.firebase.messaging.FlutterFirebaseMessagingBackgroundService"
166-->[:firebase_messaging] AndroidManifest.xml:15:13-107
167            android:exported="false"
167-->[:firebase_messaging] AndroidManifest.xml:16:13-37
168            android:permission="android.permission.BIND_JOB_SERVICE" />
168-->[:firebase_messaging] AndroidManifest.xml:17:13-69
169        <service
169-->[:firebase_messaging] AndroidManifest.xml:18:9-24:19
170            android:name="io.flutter.plugins.firebase.messaging.FlutterFirebaseMessagingService"
170-->[:firebase_messaging] AndroidManifest.xml:19:13-97
171            android:exported="false" >
171-->[:firebase_messaging] AndroidManifest.xml:20:13-37
172            <intent-filter>
172-->[:firebase_messaging] AndroidManifest.xml:21:13-23:29
173                <action android:name="com.google.firebase.MESSAGING_EVENT" />
173-->[:firebase_messaging] AndroidManifest.xml:22:17-78
173-->[:firebase_messaging] AndroidManifest.xml:22:25-75
174            </intent-filter>
175        </service>
176
177        <receiver
177-->[:firebase_messaging] AndroidManifest.xml:26:9-33:20
178            android:name="io.flutter.plugins.firebase.messaging.FlutterFirebaseMessagingReceiver"
178-->[:firebase_messaging] AndroidManifest.xml:27:13-98
179            android:exported="true"
179-->[:firebase_messaging] AndroidManifest.xml:28:13-36
180            android:permission="com.google.android.c2dm.permission.SEND" >
180-->[:firebase_messaging] AndroidManifest.xml:29:13-73
181            <intent-filter>
181-->[:firebase_messaging] AndroidManifest.xml:30:13-32:29
182                <action android:name="com.google.android.c2dm.intent.RECEIVE" />
182-->[:firebase_messaging] AndroidManifest.xml:31:17-81
182-->[:firebase_messaging] AndroidManifest.xml:31:25-78
183            </intent-filter>
184        </receiver>
185
186        <provider
186-->[:firebase_messaging] AndroidManifest.xml:41:9-45:38
187            android:name="io.flutter.plugins.firebase.messaging.FlutterFirebaseMessagingInitProvider"
187-->[:firebase_messaging] AndroidManifest.xml:42:13-102
188            android:authorities="com.betOnline.articles.flutterfirebasemessaginginitprovider"
188-->[:firebase_messaging] AndroidManifest.xml:43:13-88
189            android:exported="false"
189-->[:firebase_messaging] AndroidManifest.xml:44:13-37
190            android:initOrder="99" />
190-->[:firebase_messaging] AndroidManifest.xml:45:13-35
191        <provider
191-->[:image_picker_android] AndroidManifest.xml:9:9-17:20
192            android:name="io.flutter.plugins.imagepicker.ImagePickerFileProvider"
192-->[:image_picker_android] AndroidManifest.xml:10:13-82
193            android:authorities="com.betOnline.articles.flutter.image_provider"
193-->[:image_picker_android] AndroidManifest.xml:11:13-74
194            android:exported="false"
194-->[:image_picker_android] AndroidManifest.xml:12:13-37
195            android:grantUriPermissions="true" >
195-->[:image_picker_android] AndroidManifest.xml:13:13-47
196            <meta-data
196-->[:image_picker_android] AndroidManifest.xml:14:13-16:75
197                android:name="android.support.FILE_PROVIDER_PATHS"
197-->[:image_picker_android] AndroidManifest.xml:15:17-67
198                android:resource="@xml/flutter_image_picker_file_paths" />
198-->[:image_picker_android] AndroidManifest.xml:16:17-72
199        </provider> <!-- Trigger Google Play services to install the backported photo picker module. -->
200        <service
200-->[:image_picker_android] AndroidManifest.xml:19:9-31:19
201            android:name="com.google.android.gms.metadata.ModuleDependencies"
201-->[:image_picker_android] AndroidManifest.xml:20:13-78
202            android:enabled="false"
202-->[:image_picker_android] AndroidManifest.xml:21:13-36
203            android:exported="false" >
203-->[:image_picker_android] AndroidManifest.xml:22:13-37
204            <intent-filter>
204-->[:image_picker_android] AndroidManifest.xml:24:13-26:29
205                <action android:name="com.google.android.gms.metadata.MODULE_DEPENDENCIES" />
205-->[:image_picker_android] AndroidManifest.xml:25:17-94
205-->[:image_picker_android] AndroidManifest.xml:25:25-91
206            </intent-filter>
207
208            <meta-data
208-->[:image_picker_android] AndroidManifest.xml:28:13-30:36
209                android:name="photopicker_activity:0:required"
209-->[:image_picker_android] AndroidManifest.xml:29:17-63
210                android:value="" />
210-->[:image_picker_android] AndroidManifest.xml:30:17-33
211        </service>
212
213        <activity
213-->[:url_launcher_android] AndroidManifest.xml:8:9-11:74
214            android:name="io.flutter.plugins.urllauncher.WebViewActivity"
214-->[:url_launcher_android] AndroidManifest.xml:9:13-74
215            android:exported="false"
215-->[:url_launcher_android] AndroidManifest.xml:10:13-37
216            android:theme="@android:style/Theme.NoTitleBar.Fullscreen" />
216-->[:url_launcher_android] AndroidManifest.xml:11:13-71
217
218        <receiver
218-->[com.google.firebase:firebase-messaging:23.4.1] AndroidManifest.xml:29:9-40:20
219            android:name="com.google.firebase.iid.FirebaseInstanceIdReceiver"
219-->[com.google.firebase:firebase-messaging:23.4.1] AndroidManifest.xml:30:13-78
220            android:exported="true"
220-->[com.google.firebase:firebase-messaging:23.4.1] AndroidManifest.xml:31:13-36
221            android:permission="com.google.android.c2dm.permission.SEND" >
221-->[com.google.firebase:firebase-messaging:23.4.1] AndroidManifest.xml:32:13-73
222            <intent-filter>
222-->[:firebase_messaging] AndroidManifest.xml:30:13-32:29
223                <action android:name="com.google.android.c2dm.intent.RECEIVE" />
223-->[:firebase_messaging] AndroidManifest.xml:31:17-81
223-->[:firebase_messaging] AndroidManifest.xml:31:25-78
224            </intent-filter>
225
226            <meta-data
226-->[com.google.firebase:firebase-messaging:23.4.1] AndroidManifest.xml:37:13-39:40
227                android:name="com.google.android.gms.cloudmessaging.FINISHED_AFTER_HANDLED"
227-->[com.google.firebase:firebase-messaging:23.4.1] AndroidManifest.xml:38:17-92
228                android:value="true" />
228-->[com.google.firebase:firebase-messaging:23.4.1] AndroidManifest.xml:39:17-37
229        </receiver>
230        <!--
231             FirebaseMessagingService performs security checks at runtime,
232             but set to not exported to explicitly avoid allowing another app to call it.
233        -->
234        <service
234-->[com.google.firebase:firebase-messaging:23.4.1] AndroidManifest.xml:46:9-53:19
235            android:name="com.google.firebase.messaging.FirebaseMessagingService"
235-->[com.google.firebase:firebase-messaging:23.4.1] AndroidManifest.xml:47:13-82
236            android:directBootAware="true"
236-->[com.google.firebase:firebase-messaging:23.4.1] AndroidManifest.xml:48:13-43
237            android:exported="false" >
237-->[com.google.firebase:firebase-messaging:23.4.1] AndroidManifest.xml:49:13-37
238            <intent-filter android:priority="-500" >
238-->[:firebase_messaging] AndroidManifest.xml:21:13-23:29
239                <action android:name="com.google.firebase.MESSAGING_EVENT" />
239-->[:firebase_messaging] AndroidManifest.xml:22:17-78
239-->[:firebase_messaging] AndroidManifest.xml:22:25-75
240            </intent-filter>
241        </service>
242
243        <property
243-->[com.google.android.gms:play-services-measurement-api:21.6.1] AndroidManifest.xml:30:9-32:61
244            android:name="android.adservices.AD_SERVICES_CONFIG"
244-->[com.google.android.gms:play-services-measurement-api:21.6.1] AndroidManifest.xml:31:13-65
245            android:resource="@xml/ga_ad_services_config" />
245-->[com.google.android.gms:play-services-measurement-api:21.6.1] AndroidManifest.xml:32:13-58
246
247        <service
247-->[com.google.firebase:firebase-sessions:1.2.3] AndroidManifest.xml:22:9-25:40
248            android:name="com.google.firebase.sessions.SessionLifecycleService"
248-->[com.google.firebase:firebase-sessions:1.2.3] AndroidManifest.xml:23:13-80
249            android:enabled="true"
249-->[com.google.firebase:firebase-sessions:1.2.3] AndroidManifest.xml:24:13-35
250            android:exported="false" />
250-->[com.google.firebase:firebase-sessions:1.2.3] AndroidManifest.xml:25:13-37
251
252        <activity
252-->[com.google.android.gms:play-services-base:18.0.1] AndroidManifest.xml:20:9-22:45
253            android:name="com.google.android.gms.common.api.GoogleApiActivity"
253-->[com.google.android.gms:play-services-base:18.0.1] AndroidManifest.xml:20:19-85
254            android:exported="false"
254-->[com.google.android.gms:play-services-base:18.0.1] AndroidManifest.xml:22:19-43
255            android:theme="@android:style/Theme.Translucent.NoTitleBar" />
255-->[com.google.android.gms:play-services-base:18.0.1] AndroidManifest.xml:21:19-78
256
257        <provider
257-->[com.google.firebase:firebase-common:20.4.3] AndroidManifest.xml:23:9-28:39
258            android:name="com.google.firebase.provider.FirebaseInitProvider"
258-->[com.google.firebase:firebase-common:20.4.3] AndroidManifest.xml:24:13-77
259            android:authorities="com.betOnline.articles.firebaseinitprovider"
259-->[com.google.firebase:firebase-common:20.4.3] AndroidManifest.xml:25:13-72
260            android:directBootAware="true"
260-->[com.google.firebase:firebase-common:20.4.3] AndroidManifest.xml:26:13-43
261            android:exported="false"
261-->[com.google.firebase:firebase-common:20.4.3] AndroidManifest.xml:27:13-37
262            android:initOrder="100" />
262-->[com.google.firebase:firebase-common:20.4.3] AndroidManifest.xml:28:13-36
263
264        <receiver
264-->[com.google.android.gms:play-services-measurement:21.6.1] AndroidManifest.xml:29:9-33:20
265            android:name="com.google.android.gms.measurement.AppMeasurementReceiver"
265-->[com.google.android.gms:play-services-measurement:21.6.1] AndroidManifest.xml:30:13-85
266            android:enabled="true"
266-->[com.google.android.gms:play-services-measurement:21.6.1] AndroidManifest.xml:31:13-35
267            android:exported="false" >
267-->[com.google.android.gms:play-services-measurement:21.6.1] AndroidManifest.xml:32:13-37
268        </receiver>
269
270        <service
270-->[com.google.android.gms:play-services-measurement:21.6.1] AndroidManifest.xml:35:9-38:40
271            android:name="com.google.android.gms.measurement.AppMeasurementService"
271-->[com.google.android.gms:play-services-measurement:21.6.1] AndroidManifest.xml:36:13-84
272            android:enabled="true"
272-->[com.google.android.gms:play-services-measurement:21.6.1] AndroidManifest.xml:37:13-35
273            android:exported="false" />
273-->[com.google.android.gms:play-services-measurement:21.6.1] AndroidManifest.xml:38:13-37
274        <service
274-->[com.google.android.gms:play-services-measurement:21.6.1] AndroidManifest.xml:39:9-43:72
275            android:name="com.google.android.gms.measurement.AppMeasurementJobService"
275-->[com.google.android.gms:play-services-measurement:21.6.1] AndroidManifest.xml:40:13-87
276            android:enabled="true"
276-->[com.google.android.gms:play-services-measurement:21.6.1] AndroidManifest.xml:41:13-35
277            android:exported="false"
277-->[com.google.android.gms:play-services-measurement:21.6.1] AndroidManifest.xml:42:13-37
278            android:permission="android.permission.BIND_JOB_SERVICE" />
278-->[com.google.android.gms:play-services-measurement:21.6.1] AndroidManifest.xml:43:13-69
279
280        <provider
280-->[androidx.emoji2:emoji2:1.2.0] AndroidManifest.xml:24:9-32:20
281            android:name="androidx.startup.InitializationProvider"